\BOOKMARK [0][-]{section*.1}{Executive Summary}{}% 1
\BOOKMARK [0][-]{section*.3}{List of Figures}{}% 2
\BOOKMARK [0][-]{section*.4}{Nomenclature}{}% 3
\BOOKMARK [0][-]{chapter.1}{Statement of Problem}{}% 4
\BOOKMARK [0][-]{chapter.2}{Project Objectives}{}% 5
\BOOKMARK [0][-]{chapter.3}{Background}{}% 6
\BOOKMARK [1][-]{section.3.1}{Site History}{chapter.3}% 7
\BOOKMARK [1][-]{section.3.2}{Regulations}{chapter.3}% 8
\BOOKMARK [1][-]{section.3.3}{Precedents}{chapter.3}% 9
\BOOKMARK [0][-]{chapter.4}{Technical Approach}{}% 10
\BOOKMARK [1][-]{section.4.1}{Literature Review}{chapter.4}% 11
\BOOKMARK [1][-]{section.4.2}{Client Meeting and Site Assessment}{chapter.4}% 12
\BOOKMARK [1][-]{section.4.3}{Data Collection}{chapter.4}% 13
\BOOKMARK [1][-]{section.4.4}{Data Analysis and Interpretation}{chapter.4}% 14
\BOOKMARK [0][-]{chapter.5}{Deliverables}{}% 15
\BOOKMARK [0][-]{chapter.6}{Project Management}{}% 16
\BOOKMARK [0][-]{chapter.7}{Risk Management}{}% 17
\BOOKMARK [0][-]{chapter.8}{Required Resources}{}% 18
\BOOKMARK [0][-]{section*.7}{Appendix A - Resumes}{}% 19
\BOOKMARK [0][-]{section*.8}{Appendix B - Assessment Criteria}{}% 20
